<?xml version="1.0" encoding="UTF-8"?>
<testng-results ignored="0" total="1" passed="1" failed="0" skipped="0">
  <reporter-output>
  </reporter-output>
  <suite started-at="2023-09-17T19:11:42 IST" name="Suite" finished-at="2023-09-17T19:11:53 IST" duration-ms="10966">
    <groups>
    </groups>
    <test started-at="2023-09-17T19:11:42 IST" name="Test" finished-at="2023-09-17T19:11:53 IST" duration-ms="10966">
      <class name="TestScenarios.booksDashboard">
        <test-method is-config="true" signature="beforemethod(java.lang.String)[pri:0, instance:TestScenarios.booksDashboard@272113c4]" started-at="2023-09-17T19:11:42 IST" name="beforemethod" finished-at="2023-09-17T19:11:50 IST" duration-ms="8560" status="PASS">
          <params>
            <param index="0">
              <value>
                <![CDATA[FIREFOX]]>
              </value>
            </param>
          </params>
          <reporter-output>
          </reporter-output>
        </test-method> <!-- beforemethod -->
        <test-method signature="dashboard(java.lang.String,java.lang.String,java.lang.String)[pri:0, instance:TestScenarios.booksDashboard@272113c4]" started-at="2023-09-17T19:11:51 IST" name="dashboard" data-provider="username" finished-at="2023-09-17T19:11:52 IST" duration-ms="811" status="PASS">
          <params>
            <param index="0">
              <value>
                <![CDATA[Employee]]>
              </value>
            </param>
            <param index="1">
              <value>
                <![CDATA[QA]]>
              </value>
            </param>
            <param index="2">
              <value>
                <![CDATA[QA@123]]>
              </value>
            </param>
          </params>
          <reporter-output>
          </reporter-output>
        </test-method> <!-- dashboard -->
        <test-method is-config="true" signature="Quit()[pri:0, instance:TestScenarios.booksDashboard@272113c4]" started-at="2023-09-17T19:11:52 IST" name="Quit" finished-at="2023-09-17T19:11:53 IST" duration-ms="959" status="PASS">
          <reporter-output>
          </reporter-output>
        </test-method> <!-- Quit -->
      </class> <!-- TestScenarios.booksDashboard -->
    </test> <!-- Test -->
  </suite> <!-- Suite -->
</testng-results>
